<?xml version="1.0" encoding="UTF-8" ?>
<testsuite tests="1" failures="0" name="com.xie.market.controller.TestPageHelper" time="4.329" errors="0" skipped="0">
  <properties>
    <property name="java.runtime.name" value="Java(TM) SE Runtime Environment"/>
    <property name="sun.boot.library.path" value="D:\MyEclipse\binary\com.sun.java.jdk8.win32.x86_64_1.8.0.u66\jre\bin"/>
    <property name="java.vm.version" value="25.66-b17"/>
    <property name="java.vm.vendor" value="Oracle Corporation"/>
    <property name="maven.multiModuleProjectDirectory" value="D:\MyEclipse\workplace\market_manage"/>
    <property name="java.vendor.url" value="http://java.oracle.com/"/>
    <property name="path.separator" value=";"/>
    <property name="guice.disable.misplaced.annotation.check" value="true"/>
    <property name="java.vm.name" value="Java HotSpot(TM) 64-Bit Server VM"/>
    <property name="file.encoding.pkg" value="sun.io"/>
    <property name="user.script" value=""/>
    <property name="user.country" value="CN"/>
    <property name="sun.java.launcher" value="SUN_STANDARD"/>
    <property name="sun.os.patch.level" value=""/>
    <property name="java.vm.specification.name" value="Java Virtual Machine Specification"/>
    <property name="user.dir" value="D:\MyEclipse\workplace\market_manage"/>
    <property name="java.runtime.version" value="1.8.0_66-b17"/>
    <property name="java.awt.graphicsenv" value="sun.awt.Win32GraphicsEnvironment"/>
    <property name="java.endorsed.dirs" value="D:\MyEclipse\binary\com.sun.java.jdk8.win32.x86_64_1.8.0.u66\jre\lib\endorsed"/>
    <property name="os.arch" value="amd64"/>
    <property name="java.io.tmpdir" value="C:\Users\XJH337~1\AppData\Local\Temp\"/>
    <property name="line.separator" value="
"/>
    <property name="java.vm.specification.vendor" value="Oracle Corporation"/>
    <property name="user.variant" value=""/>
    <property name="os.name" value="Windows 10"/>
    <property name="classworlds.conf" value="D:\MyEclipse\workplace\.metadata\.plugins\org.eclipse.m2e.launching\launches\m2conf6973199750649171122.tmp"/>
    <property name="sun.jnu.encoding" value="GBK"/>
    <property name="java.library.path" value="D:\MyEclipse\binary\com.sun.java.jdk8.win32.x86_64_1.8.0.u66\bin;C:\WINDOWS\Sun\Java\bin;C:\WINDOWS\system32;C:\WINDOWS;F:\Oracle\win32_11gR2_client\product\11.2.0\client_1\bin;F:\Oracle\product\11.2.0\dbhome_1\bin;D:\Python27\;D:\Python27\Scripts;C:\Program Files\Microsoft MPI\Bin\;C:\ProgramData\Oracle\Java\javapath;C:\Program Files (x86)\Lenovo\FusionEngine;C:\Program Files (x86)\Intel\iCLS Client\;C:\Program Files\Intel\iCLS Client\;C:\WINDOWS\system32;C:\WINDOWS;C:\WINDOWS\System32\Wbem;C:\WINDOWS\System32\WindowsPowerShell\v1.0\;C:\Program Files (x86)\ATI Technologies\ATI.ACE\Core-Static;C:\Program Files\Intel\Intel(R) Management Engine Components\DAL;C:\Program Files (x86)\Intel\Intel(R) Management Engine Components\DAL;C:\Program Files\Intel\Intel(R) Management Engine Components\IPT;C:\Program Files (x86)\Intel\Intel(R) Management Engine Components\IPT;C:\Program Files (x86)\Common Files\lenovo\easyplussdk\bin;C:\Program Files (x86)\AMD\ATI.ACE\Core-Static;D:\Program Files (x86)\Microsoft SQL Server\130\Tools\Binn\;D:\Program Files\Microsoft SQL Server\130\Tools\Binn\;D:\Program Files (x86)\Microsoft SQL Server\130\DTS\Binn\;D:\Program Files\Microsoft SQL Server\130\DTS\Binn\;D:\Program Files\Microsoft SQL Server\Client SDK\ODBC\130\Tools\Binn\;D:\Program Files (x86)\Microsoft SQL Server\Client SDK\ODBC\130\Tools\Binn\;F:\MinGW\bin;D:\ADB;F:\GitHub\Git\cmd;D:\MySQL\mysql-5.7.21-winx64\bin;C:\WINDOWS\System32\OpenSSH\;F:\maven\apache-maven-3.5.3\bin;C:\Users\xjh3373199\AppData\Local\Programs\Python\Python36\Scripts\;C:\Users\xjh3373199\AppData\Local\Programs\Python\Python36\;C:\Users\xjh3373199\AppData\Local\Microsoft\WindowsApps;F:\Oracle\win32_11gR2_client\product\11.2.0\client_1;;."/>
    <property name="java.specification.name" value="Java Platform API Specification"/>
    <property name="java.class.version" value="52.0"/>
    <property name="sun.management.compiler" value="HotSpot 64-Bit Tiered Compilers"/>
    <property name="os.version" value="10.0"/>
    <property name="user.home" value="C:\Users\xjh3373199"/>
    <property name="user.timezone" value="Asia/Shanghai"/>
    <property name="java.awt.printerjob" value="sun.awt.windows.WPrinterJob"/>
    <property name="java.specification.version" value="1.8"/>
    <property name="file.encoding" value="UTF-8"/>
    <property name="user.name" value="谢伟宁"/>
    <property name="java.class.path" value="/D:/MyEclipse/plugins/org.eclipse.m2e.maven.runtime_1.6.2.20150902-0001/jars/plexus-classworlds-2.5.2.jar"/>
    <property name="java.vm.specification.version" value="1.8"/>
    <property name="sun.arch.data.model" value="64"/>
    <property name="java.home" value="D:\MyEclipse\binary\com.sun.java.jdk8.win32.x86_64_1.8.0.u66\jre"/>
    <property name="sun.java.command" value="org.codehaus.plexus.classworlds.launcher.Launcher -B install"/>
    <property name="java.specification.vendor" value="Oracle Corporation"/>
    <property name="user.language" value="zh"/>
    <property name="awt.toolkit" value="sun.awt.windows.WToolkit"/>
    <property name="java.vm.info" value="mixed mode"/>
    <property name="java.version" value="1.8.0_66"/>
    <property name="java.ext.dirs" value="D:\MyEclipse\binary\com.sun.java.jdk8.win32.x86_64_1.8.0.u66\jre\lib\ext;C:\WINDOWS\Sun\Java\lib\ext"/>
    <property name="sun.boot.class.path" value="D:\MyEclipse\binary\com.sun.java.jdk8.win32.x86_64_1.8.0.u66\jre\lib\resources.jar;D:\MyEclipse\binary\com.sun.java.jdk8.win32.x86_64_1.8.0.u66\jre\lib\rt.jar;D:\MyEclipse\binary\com.sun.java.jdk8.win32.x86_64_1.8.0.u66\jre\lib\sunrsasign.jar;D:\MyEclipse\binary\com.sun.java.jdk8.win32.x86_64_1.8.0.u66\jre\lib\jsse.jar;D:\MyEclipse\binary\com.sun.java.jdk8.win32.x86_64_1.8.0.u66\jre\lib\jce.jar;D:\MyEclipse\binary\com.sun.java.jdk8.win32.x86_64_1.8.0.u66\jre\lib\charsets.jar;D:\MyEclipse\binary\com.sun.java.jdk8.win32.x86_64_1.8.0.u66\jre\lib\jfr.jar;D:\MyEclipse\binary\com.sun.java.jdk8.win32.x86_64_1.8.0.u66\jre\classes"/>
    <property name="java.vendor" value="Oracle Corporation"/>
    <property name="maven.home" value="D:\MyEclipse\workplace\market_manage\EMBEDDED"/>
    <property name="file.separator" value="\"/>
    <property name="java.vendor.url.bug" value="http://bugreport.sun.com/bugreport/"/>
    <property name="sun.cpu.endian" value="little"/>
    <property name="sun.io.unicode.encoding" value="UnicodeLittle"/>
    <property name="sun.desktop" value="windows"/>
    <property name="sun.cpu.isalist" value="amd64"/>
  </properties>
  <testcase classname="com.xie.market.controller.TestPageHelper" name="testPageHelper" time="4.329"/>
</testsuite>